<?xml version="1.0" encoding="UTF-8"?>
<testsuites name="LUMA_Project_Suite" time="229.601" tests="4" failures="2" errors="0">
   <testsuite name="LUMA_Project_Suite" tests="4" failures="2" errors="0" time="229.601" skipped="0" timestamp="14-01-2025T17:18:17" hostname="Rajesh kasture - LAPTOP-9U10MB95" id="Test Suites/Luma Project/LUMA_Project_Suite">
      <properties>
         <property name="deviceName" value=""/>
         <property name="devicePlatform"/>
         <property name="logFolder" value="C:\\Users\\Rajesh kasture\\git\\LUMA_Project\\LUMA_Project\\Reports\\20250114_171813\\Luma Project\\LUMA_Project_Suite\\20250114_171813"/>
         <property name="logFiles" value="C:\\Users\\Rajesh kasture\\git\\LUMA_Project\\LUMA_Project\\Reports\\20250114_171813\\Luma Project\\LUMA_Project_Suite\\20250114_171813\\execution0.log"/>
         <property name="attachments" value="C:\\Users\\Rajesh kasture\\git\\LUMA_Project\\LUMA_Project\\Reports\\20250114_171813\\Luma Project\\LUMA_Project_Suite\\20250114_171813\\1736855339013.png, C:\\Users\\Rajesh kasture\\git\\LUMA_Project\\LUMA_Project\\Reports\\20250114_171813\\Luma Project\\LUMA_Project_Suite\\20250114_171813\\1736855339158.png, C:\\Users\\Rajesh kasture\\git\\LUMA_Project\\LUMA_Project\\Reports\\20250114_171813\\Luma Project\\LUMA_Project_Suite\\20250114_171813\\1736855496497.png"/>
         <property name="hostName" value="Rajesh kasture - LAPTOP-9U10MB95"/>
         <property name="os" value="Windows 11 64bit"/>
         <property name="katalonVersion" value="10.0.1.223"/>
         <property name="browser" value="Chrome 131.0.0.0"/>
         <property name="hostAddress" value="192.168.156.174"/>
         <property name="sessionId" value="f75aeffc4107db766b1b71db0193e216"/>
         <property name="seleniumVersion" value="4.22.0"/>
         <property name="proxyInformation" value="ProxyInformation { proxyOption=NO_PROXY, proxyServerType=HTTP, username=, password=********, proxyServerAddress=, proxyServerPort=0, executionList=&quot;&quot;, isApplyToDesiredCapabilities=true }"/>
         <property name="platform" value="Windows 11"/>
      </properties>
      <testcase name="Test Cases/Secnario_1" time="41.428" classname="Test Cases/Secnario_1" status="FAILED">
         <failure type="FAILED" message="Test Cases/Secnario_1 FAILED.&#xa;Reason:&#xa;com.kms.katalon.core.exception.StepFailedException: Verify element text of test object 'Object Repository/Secnario_1/Page_My Account/div_Thank you for registering with Main Web_e69dd7' FAILED.&#xa;	at com.kms.katalon.core.webui.keyword.internal.WebUIKeywordMain.stepFailed(WebUIKeywordMain.groovy:117)&#xa;	at com.kms.katalon.core.webui.keyword.internal.WebUIKeywordMain.runKeyword(WebUIKeywordMain.groovy:43)&#xa;	at com.kms.katalon.core.webui.keyword.builtin.VerifyElementTextKeyword.verifyElementText(VerifyElementTextKeyword.groovy:72)&#xa;	at com.kms.katalon.core.webui.keyword.builtin.VerifyElementTextKeyword.execute(VerifyElementTextKeyword.groovy:40)&#xa;	at com.kms.katalon.core.keyword.internal.KeywordExecutor.executeKeywordForPlatform(KeywordExecutor.groovy:74)&#xa;	at com.kms.katalon.core.webui.keyword.WebUiBuiltInKeywords.verifyElementText(WebUiBuiltInKeywords.groovy:4994)&#xa;	at Secnario_1.run(Secnario_1:62)&#xa;	at com.kms.katalon.core.main.ScriptEngine.run(ScriptEngine.java:194)&#xa;	at com.kms.katalon.core.main.ScriptEngine.runScriptAsRawText(ScriptEngine.java:119)&#xa;	at com.kms.katalon.core.main.TestCaseExecutor.runScript(TestCaseExecutor.java:448)&#xa;	at com.kms.katalon.core.main.TestCaseExecutor.doExecute(TestCaseExecutor.java:439)&#xa;	at com.kms.katalon.core.main.TestCaseExecutor.processExecutionPhase(TestCaseExecutor.java:418)&#xa;	at com.kms.katalon.core.main.TestCaseExecutor.accessMainPhase(TestCaseExecutor.java:410)&#xa;	at com.kms.katalon.core.main.TestCaseExecutor.execute(TestCaseExecutor.java:285)&#xa;	at com.kms.katalon.core.common.CommonExecutor.accessTestCaseMainPhase(CommonExecutor.java:65)&#xa;	at com.kms.katalon.core.main.TestSuiteExecutor.accessTestSuiteMainPhase(TestSuiteExecutor.java:161)&#xa;	at com.kms.katalon.core.main.TestSuiteExecutor.execute(TestSuiteExecutor.java:107)&#xa;	at com.kms.katalon.core.main.TestCaseMain.startTestSuite(TestCaseMain.java:176)&#xa;	at TempTestSuite1736855293393.run(TempTestSuite1736855293393.groovy:35)&#xa;	at java.base/jdk.internal.reflect.NativeMethodAccessorImpl.invoke0(Native Method)&#xa;	at java.base/jdk.internal.reflect.NativeMethodAccessorImpl.invoke(NativeMethodAccessorImpl.java:77)&#xa;	at java.base/jdk.internal.reflect.DelegatingMethodAccessorImpl.invoke(DelegatingMethodAccessorImpl.java:43)&#xa;Caused by: com.kms.katalon.core.exception.StepFailedException: Actual text 'There is already an account with this email address. If you are sure that it is your email address, click here to get your password and access your account.' and expected text 'Thank you for registering with Main Website Store.' of test object 'Object Repository/Secnario_1/Page_My Account/div_Thank you for registering with Main Web_e69dd7' are NOT matched.&#xa;	at com.kms.katalon.core.webui.keyword.internal.WebUIKeywordMain.stepFailed(WebUIKeywordMain.groovy:117)&#xa;	at com.kms.katalon.core.webui.keyword.builtin.VerifyElementTextKeyword$_verifyElementText_closure1.doCall(VerifyElementTextKeyword.groovy:57)&#xa;	at com.kms.katalon.core.webui.keyword.builtin.VerifyElementTextKeyword$_verifyElementText_closure1.call(VerifyElementTextKeyword.groovy)&#xa;	at com.kms.katalon.core.webui.keyword.internal.WebUIKeywordMain.runKeyword(WebUIKeywordMain.groovy:35)&#xa;	... 20 more&#xa;"/>
         <system-out><![CDATA[14-01-2025T17:18:17 - [TEST_CASE][FAILED] - Test Cases/Secnario_1: Test Cases/Secnario_1 FAILED.
Reason:
com.kms.katalon.core.exception.StepFailedException: Verify element text of test object 'Object Repository/Secnario_1/Page_My Account/div_Thank you for registering with Main Web_e69dd7' FAILED.
	at com.kms.katalon.core.webui.keyword.internal.WebUIKeywordMain.stepFailed(WebUIKeywordMain.groovy:117)
	at com.kms.katalon.core.webui.keyword.internal.WebUIKeywordMain.runKeyword(WebUIKeywordMain.groovy:43)
	at com.kms.katalon.core.webui.keyword.builtin.VerifyElementTextKeyword.verifyElementText(VerifyElementTextKeyword.groovy:72)
	at com.kms.katalon.core.webui.keyword.builtin.VerifyElementTextKeyword.execute(VerifyElementTextKeyword.groovy:40)
	at com.kms.katalon.core.keyword.internal.KeywordExecutor.executeKeywordForPlatform(KeywordExecutor.groovy:74)
	at com.kms.katalon.core.webui.keyword.WebUiBuiltInKeywords.verifyElementText(WebUiBuiltInKeywords.groovy:4994)
	at Secnario_1.run(Secnario_1:62)
	at com.kms.katalon.core.main.ScriptEngine.run(ScriptEngine.java:194)
	at com.kms.katalon.core.main.ScriptEngine.runScriptAsRawText(ScriptEngine.java:119)
	at com.kms.katalon.core.main.TestCaseExecutor.runScript(TestCaseExecutor.java:448)
	at com.kms.katalon.core.main.TestCaseExecutor.doExecute(TestCaseExecutor.java:439)
	at com.kms.katalon.core.main.TestCaseExecutor.processExecutionPhase(TestCaseExecutor.java:418)
	at com.kms.katalon.core.main.TestCaseExecutor.accessMainPhase(TestCaseExecutor.java:410)
	at com.kms.katalon.core.main.TestCaseExecutor.execute(TestCaseExecutor.java:285)
	at com.kms.katalon.core.common.CommonExecutor.accessTestCaseMainPhase(CommonExecutor.java:65)
	at com.kms.katalon.core.main.TestSuiteExecutor.accessTestSuiteMainPhase(TestSuiteExecutor.java:161)
	at com.kms.katalon.core.main.TestSuiteExecutor.execute(TestSuiteExecutor.java:107)
	at com.kms.katalon.core.main.TestCaseMain.startTestSuite(TestCaseMain.java:176)
	at TempTestSuite1736855293393.run(TempTestSuite1736855293393.groovy:35)
	at java.base/jdk.internal.reflect.NativeMethodAccessorImpl.invoke0(Native Method)
	at java.base/jdk.internal.reflect.NativeMethodAccessorImpl.invoke(NativeMethodAccessorImpl.java:77)
	at java.base/jdk.internal.reflect.DelegatingMethodAccessorImpl.invoke(DelegatingMethodAccessorImpl.java:43)
Caused by: com.kms.katalon.core.exception.StepFailedException: Actual text 'There is already an account with this email address. If you are sure that it is your email address, click here to get your password and access your account.' and expected text 'Thank you for registering with Main Website Store.' of test object 'Object Repository/Secnario_1/Page_My Account/div_Thank you for registering with Main Web_e69dd7' are NOT matched.
	at com.kms.katalon.core.webui.keyword.internal.WebUIKeywordMain.stepFailed(WebUIKeywordMain.groovy:117)
	at com.kms.katalon.core.webui.keyword.builtin.VerifyElementTextKeyword$_verifyElementText_closure1.doCall(VerifyElementTextKeyword.groovy:57)
	at com.kms.katalon.core.webui.keyword.builtin.VerifyElementTextKeyword$_verifyElementText_closure1.call(VerifyElementTextKeyword.groovy)
	at com.kms.katalon.core.webui.keyword.internal.WebUIKeywordMain.runKeyword(WebUIKeywordMain.groovy:35)
	... 20 more


14-01-2025T17:18:18 - [TEST_STEP][PASSED] - openBrowser(""): Browser is opened with url: ''

14-01-2025T17:18:18 - [MESSAGE][INFO] - Starting 'Chrome' driver

14-01-2025T17:18:18 - [MESSAGE][INFO] - Action delay is set to 0 milliseconds

14-01-2025T17:18:22 - [MESSAGE][PASSED] - Browser is opened with url: ''

14-01-2025T17:18:22 - [TEST_STEP][PASSED] - navigateToUrl(URL): Navigate to 'https://magento.softwaretestingboard.com/' successfully

14-01-2025T17:18:45 - [MESSAGE][PASSED] - Navigate to 'https://magento.softwaretestingboard.com/' successfully

14-01-2025T17:18:45 - [TEST_STEP][PASSED] - delay(2): Delayed 2 second(s)

14-01-2025T17:18:47 - [MESSAGE][PASSED] - Delayed 2 second(s)

14-01-2025T17:18:47 - [TEST_STEP][PASSED] - waitForElementPresent(findTestObject("Secnario_1/Page_Home Page/a_Create an Account"), 0): Object 'Object Repository/Secnario_1/Page_Home Page/a_Create an Account' is present

14-01-2025T17:18:47 - [MESSAGE][WARNING] - Timeout '0' is invalid. Using default page load timeout: '30'

14-01-2025T17:18:47 - [MESSAGE][PASSED] - Object 'Object Repository/Secnario_1/Page_Home Page/a_Create an Account' is present

14-01-2025T17:18:47 - [TEST_STEP][PASSED] - click(findTestObject("Object Repository/Secnario_1/Page_Home Page/a_Create an Account")): Object: 'Object Repository/Secnario_1/Page_Home Page/a_Create an Account' is clicked on

14-01-2025T17:18:49 - [MESSAGE][PASSED] - Object: 'Object Repository/Secnario_1/Page_Home Page/a_Create an Account' is clicked on

14-01-2025T17:18:49 - [TEST_STEP][PASSED] - waitForElementPresent(findTestObject("Secnario_1/Page_Create New Customer Account/input_First Name_firstname"), 0): Object 'Object Repository/Secnario_1/Page_Create New Customer Account/input_First Name_firstname' is present

14-01-2025T17:18:50 - [MESSAGE][WARNING] - Timeout '0' is invalid. Using default page load timeout: '30'

14-01-2025T17:18:50 - [MESSAGE][PASSED] - Object 'Object Repository/Secnario_1/Page_Create New Customer Account/input_First Name_firstname' is present

14-01-2025T17:18:50 - [TEST_STEP][PASSED] - setText(findTestObject("Object Repository/Secnario_1/Page_Create New Customer Account/input_First Name_firstname"), "Test3"): Text 'Test3' is set on object 'Object Repository/Secnario_1/Page_Create New Customer Account/input_First Name_firstname'

14-01-2025T17:18:51 - [MESSAGE][PASSED] - Text 'Test3' is set on object 'Object Repository/Secnario_1/Page_Create New Customer Account/input_First Name_firstname'

14-01-2025T17:18:51 - [TEST_STEP][PASSED] - waitForElementPresent(findTestObject("Secnario_1/Page_Create New Customer Account/input_Last Name_lastname"), 0): Object 'Object Repository/Secnario_1/Page_Create New Customer Account/input_Last Name_lastname' is present

14-01-2025T17:18:51 - [MESSAGE][WARNING] - Timeout '0' is invalid. Using default page load timeout: '30'

14-01-2025T17:18:51 - [MESSAGE][PASSED] - Object 'Object Repository/Secnario_1/Page_Create New Customer Account/input_Last Name_lastname' is present

14-01-2025T17:18:51 - [TEST_STEP][PASSED] - setText(findTestObject("Object Repository/Secnario_1/Page_Create New Customer Account/input_Last Name_lastname"), "Automation"): Text 'Automation' is set on object 'Object Repository/Secnario_1/Page_Create New Customer Account/input_Last Name_lastname'

14-01-2025T17:18:52 - [MESSAGE][PASSED] - Text 'Automation' is set on object 'Object Repository/Secnario_1/Page_Create New Customer Account/input_Last Name_lastname'

14-01-2025T17:18:52 - [TEST_STEP][PASSED] - waitForElementPresent(findTestObject("Secnario_1/Page_Create New Customer Account/input_Email_email"), 0): Object 'Object Repository/Secnario_1/Page_Create New Customer Account/input_Email_email' is present

14-01-2025T17:18:52 - [MESSAGE][WARNING] - Timeout '0' is invalid. Using default page load timeout: '30'

14-01-2025T17:18:52 - [MESSAGE][PASSED] - Object 'Object Repository/Secnario_1/Page_Create New Customer Account/input_Email_email' is present

14-01-2025T17:18:52 - [TEST_STEP][PASSED] - setText(findTestObject("Object Repository/Secnario_1/Page_Create New Customer Account/input_Email_email"), "ta3@gmail.com"): Text 'ta3@gmail.com' is set on object 'Object Repository/Secnario_1/Page_Create New Customer Account/input_Email_email'

14-01-2025T17:18:52 - [MESSAGE][PASSED] - Text 'ta3@gmail.com' is set on object 'Object Repository/Secnario_1/Page_Create New Customer Account/input_Email_email'

14-01-2025T17:18:52 - [TEST_STEP][PASSED] - waitForElementPresent(findTestObject("Secnario_1/Page_Create New Customer Account/input_Password_password"), 0): Object 'Object Repository/Secnario_1/Page_Create New Customer Account/input_Password_password' is present

14-01-2025T17:18:53 - [MESSAGE][WARNING] - Timeout '0' is invalid. Using default page load timeout: '30'

14-01-2025T17:18:53 - [MESSAGE][PASSED] - Object 'Object Repository/Secnario_1/Page_Create New Customer Account/input_Password_password' is present

14-01-2025T17:18:53 - [TEST_STEP][PASSED] - setEncryptedText(findTestObject("Object Repository/Secnario_1/Page_Create New Customer Account/input_Password_password"), Password): Text ****** has been set on object 'Object Repository/Secnario_1/Page_Create New Customer Account/input_Password_password'

14-01-2025T17:18:54 - [MESSAGE][PASSED] - Text ****** has been set on object 'Object Repository/Secnario_1/Page_Create New Customer Account/input_Password_password'

14-01-2025T17:18:54 - [TEST_STEP][PASSED] - waitForElementPresent(findTestObject("Secnario_1/Page_Create New Customer Account/input_Confirm Password_password_confirmation"), 0): Object 'Object Repository/Secnario_1/Page_Create New Customer Account/input_Confirm Password_password_confirmation' is present

14-01-2025T17:18:54 - [MESSAGE][WARNING] - Timeout '0' is invalid. Using default page load timeout: '30'

14-01-2025T17:18:54 - [MESSAGE][PASSED] - Object 'Object Repository/Secnario_1/Page_Create New Customer Account/input_Confirm Password_password_confirmation' is present

14-01-2025T17:18:54 - [TEST_STEP][PASSED] - setEncryptedText(findTestObject("Object Repository/Secnario_1/Page_Create New Customer Account/input_Confirm Password_password_confirmation"), Password): Text ****** has been set on object 'Object Repository/Secnario_1/Page_Create New Customer Account/input_Confirm Password_password_confirmation'

14-01-2025T17:18:54 - [MESSAGE][PASSED] - Text ****** has been set on object 'Object Repository/Secnario_1/Page_Create New Customer Account/input_Confirm Password_password_confirmation'

14-01-2025T17:18:54 - [TEST_STEP][PASSED] - waitForElementPresent(findTestObject("Secnario_1/Page_Create New Customer Account/span_Create an Account"), 0): Object 'Object Repository/Secnario_1/Page_Create New Customer Account/span_Create an Account' is present

14-01-2025T17:18:54 - [MESSAGE][WARNING] - Timeout '0' is invalid. Using default page load timeout: '30'

14-01-2025T17:18:55 - [MESSAGE][PASSED] - Object 'Object Repository/Secnario_1/Page_Create New Customer Account/span_Create an Account' is present

14-01-2025T17:18:55 - [TEST_STEP][PASSED] - click(findTestObject("Object Repository/Secnario_1/Page_Create New Customer Account/span_Create an Account")): Object: 'Object Repository/Secnario_1/Page_Create New Customer Account/span_Create an Account' is clicked on

14-01-2025T17:18:58 - [MESSAGE][PASSED] - Object: 'Object Repository/Secnario_1/Page_Create New Customer Account/span_Create an Account' is clicked on

14-01-2025T17:18:58 - [TEST_STEP][PASSED] - waitForElementPresent(findTestObject("Secnario_1/Page_My Account/div_Thank you for registering with Main Web_e69dd7"), 0): Object 'Object Repository/Secnario_1/Page_My Account/div_Thank you for registering with Main Web_e69dd7' is present

14-01-2025T17:18:58 - [MESSAGE][WARNING] - Timeout '0' is invalid. Using default page load timeout: '30'

14-01-2025T17:18:58 - [MESSAGE][PASSED] - Object 'Object Repository/Secnario_1/Page_My Account/div_Thank you for registering with Main Web_e69dd7' is present

14-01-2025T17:18:58 - [TEST_STEP][FAILED] - verifyElementText(findTestObject("Object Repository/Secnario_1/Page_My Account/div_Thank you for registering with Main Web_e69dd7"), "Thank you for registering with Main Website Store."): Verify element text of test object 'Object Repository/Secnario_1/Page_My Account/div_Thank you for registering with Main Web_e69dd7' FAILED. (Root cause: com.kms.katalon.core.exception.StepFailedException: Verify element text of test object 'Object Repository/Secnario_1/Page_My Account/div_Thank you for registering with Main Web_e69dd7' FAILED.
	at com.kms.katalon.core.webui.keyword.internal.WebUIKeywordMain.stepFailed(WebUIKeywordMain.groovy:117)
	at com.kms.katalon.core.webui.keyword.internal.WebUIKeywordMain.runKeyword(WebUIKeywordMain.groovy:43)
	at com.kms.katalon.core.webui.keyword.builtin.VerifyElementTextKeyword.verifyElementText(VerifyElementTextKeyword.groovy:72)
	at com.kms.katalon.core.webui.keyword.builtin.VerifyElementTextKeyword.execute(VerifyElementTextKeyword.groovy:40)
	at com.kms.katalon.core.keyword.internal.KeywordExecutor.executeKeywordForPlatform(KeywordExecutor.groovy:74)
	at com.kms.katalon.core.webui.keyword.WebUiBuiltInKeywords.verifyElementText(WebUiBuiltInKeywords.groovy:4994)
	at Secnario_1.run(Secnario_1:62)
	at com.kms.katalon.core.main.ScriptEngine.run(ScriptEngine.java:194)
	at com.kms.katalon.core.main.ScriptEngine.runScriptAsRawText(ScriptEngine.java:119)
	at com.kms.katalon.core.main.TestCaseExecutor.runScript(TestCaseExecutor.java:448)
	at com.kms.katalon.core.main.TestCaseExecutor.doExecute(TestCaseExecutor.java:439)
	at com.kms.katalon.core.main.TestCaseExecutor.processExecutionPhase(TestCaseExecutor.java:418)
	at com.kms.katalon.core.main.TestCaseExecutor.accessMainPhase(TestCaseExecutor.java:410)
	at com.kms.katalon.core.main.TestCaseExecutor.execute(TestCaseExecutor.java:285)
	at com.kms.katalon.core.common.CommonExecutor.accessTestCaseMainPhase(CommonExecutor.java:65)
	at com.kms.katalon.core.main.TestSuiteExecutor.accessTestSuiteMainPhase(TestSuiteExecutor.java:161)
	at com.kms.katalon.core.main.TestSuiteExecutor.execute(TestSuiteExecutor.java:107)
	at com.kms.katalon.core.main.TestCaseMain.startTestSuite(TestCaseMain.java:176)
	at TempTestSuite1736855293393.run(TempTestSuite1736855293393.groovy:35)
	at java.base/jdk.internal.reflect.NativeMethodAccessorImpl.invoke0(Native Method)
	at java.base/jdk.internal.reflect.NativeMethodAccessorImpl.invoke(NativeMethodAccessorImpl.java:77)
	at java.base/jdk.internal.reflect.DelegatingMethodAccessorImpl.invoke(DelegatingMethodAccessorImpl.java:43)
Caused by: com.kms.katalon.core.exception.StepFailedException: Actual text 'There is already an account with this email address. If you are sure that it is your email address, click here to get your password and access your account.' and expected text 'Thank you for registering with Main Website Store.' of test object 'Object Repository/Secnario_1/Page_My Account/div_Thank you for registering with Main Web_e69dd7' are NOT matched.
	at com.kms.katalon.core.webui.keyword.internal.WebUIKeywordMain.stepFailed(WebUIKeywordMain.groovy:117)
	at com.kms.katalon.core.webui.keyword.builtin.VerifyElementTextKeyword$_verifyElementText_closure1.doCall(VerifyElementTextKeyword.groovy:57)
	at com.kms.katalon.core.webui.keyword.builtin.VerifyElementTextKeyword$_verifyElementText_closure1.call(VerifyElementTextKeyword.groovy)
	at com.kms.katalon.core.webui.keyword.internal.WebUIKeywordMain.runKeyword(WebUIKeywordMain.groovy:35)
	... 20 more
)

14-01-2025T17:18:59 - [MESSAGE][FAILED] - Actual text 'There is already an account with this email address. If you are sure that it is your email address, click here to get your password and access your account.' and expected text 'Thank you for registering with Main Website Store.' of test object 'Object Repository/Secnario_1/Page_My Account/div_Thank you for registering with Main Web_e69dd7' are NOT matched. (Root cause: com.kms.katalon.core.exception.StepFailedException: Actual text 'There is already an account with this email address. If you are sure that it is your email address, click here to get your password and access your account.' and expected text 'Thank you for registering with Main Website Store.' of test object 'Object Repository/Secnario_1/Page_My Account/div_Thank you for registering with Main Web_e69dd7' are NOT matched.
	at com.kms.katalon.core.webui.keyword.internal.WebUIKeywordMain.stepFailed(WebUIKeywordMain.groovy:117)
	at com.kms.katalon.core.webui.keyword.builtin.VerifyElementTextKeyword$_verifyElementText_closure1.doCall(VerifyElementTextKeyword.groovy:57)
	at com.kms.katalon.core.webui.keyword.builtin.VerifyElementTextKeyword$_verifyElementText_closure1.call(VerifyElementTextKeyword.groovy)
	at com.kms.katalon.core.webui.keyword.internal.WebUIKeywordMain.runKeyword(WebUIKeywordMain.groovy:35)
	at com.kms.katalon.core.webui.keyword.builtin.VerifyElementTextKeyword.verifyElementText(VerifyElementTextKeyword.groovy:72)
	at com.kms.katalon.core.webui.keyword.builtin.VerifyElementTextKeyword.execute(VerifyElementTextKeyword.groovy:40)
	at com.kms.katalon.core.keyword.internal.KeywordExecutor.executeKeywordForPlatform(KeywordExecutor.groovy:74)
	at com.kms.katalon.core.webui.keyword.WebUiBuiltInKeywords.verifyElementText(WebUiBuiltInKeywords.groovy:4994)
	at Secnario_1.run(Secnario_1:62)
	at com.kms.katalon.core.main.ScriptEngine.run(ScriptEngine.java:194)
	at com.kms.katalon.core.main.ScriptEngine.runScriptAsRawText(ScriptEngine.java:119)
	at com.kms.katalon.core.main.TestCaseExecutor.runScript(TestCaseExecutor.java:448)
	at com.kms.katalon.core.main.TestCaseExecutor.doExecute(TestCaseExecutor.java:439)
	at com.kms.katalon.core.main.TestCaseExecutor.processExecutionPhase(TestCaseExecutor.java:418)
	at com.kms.katalon.core.main.TestCaseExecutor.accessMainPhase(TestCaseExecutor.java:410)
	at com.kms.katalon.core.main.TestCaseExecutor.execute(TestCaseExecutor.java:285)
	at com.kms.katalon.core.common.CommonExecutor.accessTestCaseMainPhase(CommonExecutor.java:65)
	at com.kms.katalon.core.main.TestSuiteExecutor.accessTestSuiteMainPhase(TestSuiteExecutor.java:161)
	at com.kms.katalon.core.main.TestSuiteExecutor.execute(TestSuiteExecutor.java:107)
	at com.kms.katalon.core.main.TestCaseMain.startTestSuite(TestCaseMain.java:176)
	at TempTestSuite1736855293393.run(TempTestSuite1736855293393.groovy:35)
	at java.base/jdk.internal.reflect.NativeMethodAccessorImpl.invoke0(Native Method)
	at java.base/jdk.internal.reflect.NativeMethodAccessorImpl.invoke(NativeMethodAccessorImpl.java:77)
	at java.base/jdk.internal.reflect.DelegatingMethodAccessorImpl.invoke(DelegatingMethodAccessorImpl.java:43)
)
[[ATTACHMENT|C:\\Users\\Rajesh kasture\\git\\LUMA_Project\\LUMA_Project\\Reports\\20250114_171813\\Luma Project\\LUMA_Project_Suite\\20250114_171813\\1736855339013.png]]

14-01-2025T17:18:59 - [MESSAGE][FAILED] - Verify element text of test object 'Object Repository/Secnario_1/Page_My Account/div_Thank you for registering with Main Web_e69dd7' FAILED. (Root cause: com.kms.katalon.core.exception.StepFailedException: Verify element text of test object 'Object Repository/Secnario_1/Page_My Account/div_Thank you for registering with Main Web_e69dd7' FAILED.
	at com.kms.katalon.core.webui.keyword.internal.WebUIKeywordMain.stepFailed(WebUIKeywordMain.groovy:117)
	at com.kms.katalon.core.webui.keyword.internal.WebUIKeywordMain.runKeyword(WebUIKeywordMain.groovy:43)
	at com.kms.katalon.core.webui.keyword.builtin.VerifyElementTextKeyword.verifyElementText(VerifyElementTextKeyword.groovy:72)
	at com.kms.katalon.core.webui.keyword.builtin.VerifyElementTextKeyword.execute(VerifyElementTextKeyword.groovy:40)
	at com.kms.katalon.core.keyword.internal.KeywordExecutor.executeKeywordForPlatform(KeywordExecutor.groovy:74)
	at com.kms.katalon.core.webui.keyword.WebUiBuiltInKeywords.verifyElementText(WebUiBuiltInKeywords.groovy:4994)
	at Secnario_1.run(Secnario_1:62)
	at com.kms.katalon.core.main.ScriptEngine.run(ScriptEngine.java:194)
	at com.kms.katalon.core.main.ScriptEngine.runScriptAsRawText(ScriptEngine.java:119)
	at com.kms.katalon.core.main.TestCaseExecutor.runScript(TestCaseExecutor.java:448)
	at com.kms.katalon.core.main.TestCaseExecutor.doExecute(TestCaseExecutor.java:439)
	at com.kms.katalon.core.main.TestCaseExecutor.processExecutionPhase(TestCaseExecutor.java:418)
	at com.kms.katalon.core.main.TestCaseExecutor.accessMainPhase(TestCaseExecutor.java:410)
	at com.kms.katalon.core.main.TestCaseExecutor.execute(TestCaseExecutor.java:285)
	at com.kms.katalon.core.common.CommonExecutor.accessTestCaseMainPhase(CommonExecutor.java:65)
	at com.kms.katalon.core.main.TestSuiteExecutor.accessTestSuiteMainPhase(TestSuiteExecutor.java:161)
	at com.kms.katalon.core.main.TestSuiteExecutor.execute(TestSuiteExecutor.java:107)
	at com.kms.katalon.core.main.TestCaseMain.startTestSuite(TestCaseMain.java:176)
	at TempTestSuite1736855293393.run(TempTestSuite1736855293393.groovy:35)
	at java.base/jdk.internal.reflect.NativeMethodAccessorImpl.invoke0(Native Method)
	at java.base/jdk.internal.reflect.NativeMethodAccessorImpl.invoke(NativeMethodAccessorImpl.java:77)
	at java.base/jdk.internal.reflect.DelegatingMethodAccessorImpl.invoke(DelegatingMethodAccessorImpl.java:43)
Caused by: com.kms.katalon.core.exception.StepFailedException: Actual text 'There is already an account with this email address. If you are sure that it is your email address, click here to get your password and access your account.' and expected text 'Thank you for registering with Main Website Store.' of test object 'Object Repository/Secnario_1/Page_My Account/div_Thank you for registering with Main Web_e69dd7' are NOT matched.
	at com.kms.katalon.core.webui.keyword.internal.WebUIKeywordMain.stepFailed(WebUIKeywordMain.groovy:117)
	at com.kms.katalon.core.webui.keyword.builtin.VerifyElementTextKeyword$_verifyElementText_closure1.doCall(VerifyElementTextKeyword.groovy:57)
	at com.kms.katalon.core.webui.keyword.builtin.VerifyElementTextKeyword$_verifyElementText_closure1.call(VerifyElementTextKeyword.groovy)
	at com.kms.katalon.core.webui.keyword.internal.WebUIKeywordMain.runKeyword(WebUIKeywordMain.groovy:35)
	... 20 more
)
[[ATTACHMENT|C:\\Users\\Rajesh kasture\\git\\LUMA_Project\\LUMA_Project\\Reports\\20250114_171813\\Luma Project\\LUMA_Project_Suite\\20250114_171813\\1736855339158.png]]]]></system-out>
         <system-err><![CDATA[14-01-2025T17:18:17 - [TEST_CASE][FAILED] - Test Cases/Secnario_1: Test Cases/Secnario_1 FAILED.
Reason:
com.kms.katalon.core.exception.StepFailedException: Verify element text of test object 'Object Repository/Secnario_1/Page_My Account/div_Thank you for registering with Main Web_e69dd7' FAILED.
	at com.kms.katalon.core.webui.keyword.internal.WebUIKeywordMain.stepFailed(WebUIKeywordMain.groovy:117)
	at com.kms.katalon.core.webui.keyword.internal.WebUIKeywordMain.runKeyword(WebUIKeywordMain.groovy:43)
	at com.kms.katalon.core.webui.keyword.builtin.VerifyElementTextKeyword.verifyElementText(VerifyElementTextKeyword.groovy:72)
	at com.kms.katalon.core.webui.keyword.builtin.VerifyElementTextKeyword.execute(VerifyElementTextKeyword.groovy:40)
	at com.kms.katalon.core.keyword.internal.KeywordExecutor.executeKeywordForPlatform(KeywordExecutor.groovy:74)
	at com.kms.katalon.core.webui.keyword.WebUiBuiltInKeywords.verifyElementText(WebUiBuiltInKeywords.groovy:4994)
	at Secnario_1.run(Secnario_1:62)
	at com.kms.katalon.core.main.ScriptEngine.run(ScriptEngine.java:194)
	at com.kms.katalon.core.main.ScriptEngine.runScriptAsRawText(ScriptEngine.java:119)
	at com.kms.katalon.core.main.TestCaseExecutor.runScript(TestCaseExecutor.java:448)
	at com.kms.katalon.core.main.TestCaseExecutor.doExecute(TestCaseExecutor.java:439)
	at com.kms.katalon.core.main.TestCaseExecutor.processExecutionPhase(TestCaseExecutor.java:418)
	at com.kms.katalon.core.main.TestCaseExecutor.accessMainPhase(TestCaseExecutor.java:410)
	at com.kms.katalon.core.main.TestCaseExecutor.execute(TestCaseExecutor.java:285)
	at com.kms.katalon.core.common.CommonExecutor.accessTestCaseMainPhase(CommonExecutor.java:65)
	at com.kms.katalon.core.main.TestSuiteExecutor.accessTestSuiteMainPhase(TestSuiteExecutor.java:161)
	at com.kms.katalon.core.main.TestSuiteExecutor.execute(TestSuiteExecutor.java:107)
	at com.kms.katalon.core.main.TestCaseMain.startTestSuite(TestCaseMain.java:176)
	at TempTestSuite1736855293393.run(TempTestSuite1736855293393.groovy:35)
	at java.base/jdk.internal.reflect.NativeMethodAccessorImpl.invoke0(Native Method)
	at java.base/jdk.internal.reflect.NativeMethodAccessorImpl.invoke(NativeMethodAccessorImpl.java:77)
	at java.base/jdk.internal.reflect.DelegatingMethodAccessorImpl.invoke(DelegatingMethodAccessorImpl.java:43)
Caused by: com.kms.katalon.core.exception.StepFailedException: Actual text 'There is already an account with this email address. If you are sure that it is your email address, click here to get your password and access your account.' and expected text 'Thank you for registering with Main Website Store.' of test object 'Object Repository/Secnario_1/Page_My Account/div_Thank you for registering with Main Web_e69dd7' are NOT matched.
	at com.kms.katalon.core.webui.keyword.internal.WebUIKeywordMain.stepFailed(WebUIKeywordMain.groovy:117)
	at com.kms.katalon.core.webui.keyword.builtin.VerifyElementTextKeyword$_verifyElementText_closure1.doCall(VerifyElementTextKeyword.groovy:57)
	at com.kms.katalon.core.webui.keyword.builtin.VerifyElementTextKeyword$_verifyElementText_closure1.call(VerifyElementTextKeyword.groovy)
	at com.kms.katalon.core.webui.keyword.internal.WebUIKeywordMain.runKeyword(WebUIKeywordMain.groovy:35)
	... 20 more]]></system-err>
      </testcase>
      <testcase name="Test Cases/Scenario_2" time="73.036" classname="Test Cases/Scenario_2" status="PASSED">
         <system-out><![CDATA[14-01-2025T17:18:59 - [TEST_CASE][PASSED] - Test Cases/Scenario_2: Test Cases/Scenario_2

14-01-2025T17:18:59 - [TEST_STEP][PASSED] - openBrowser(""): Browser is opened with url: ''

14-01-2025T17:18:59 - [MESSAGE][WARNING] - A browser is already opened. Closing browser and opening a new one

14-01-2025T17:19:01 - [MESSAGE][INFO] - Starting 'Chrome' driver

14-01-2025T17:19:01 - [MESSAGE][INFO] - Action delay is set to 0 milliseconds

14-01-2025T17:19:03 - [MESSAGE][PASSED] - Browser is opened with url: ''

14-01-2025T17:19:03 - [TEST_STEP][PASSED] - navigateToUrl(URL): Navigate to 'https://magento.softwaretestingboard.com/' successfully

14-01-2025T17:19:44 - [MESSAGE][PASSED] - Navigate to 'https://magento.softwaretestingboard.com/' successfully

14-01-2025T17:19:44 - [TEST_STEP][PASSED] - delay(2): Delayed 2 second(s)

14-01-2025T17:19:46 - [MESSAGE][PASSED] - Delayed 2 second(s)

14-01-2025T17:19:46 - [TEST_STEP][PASSED] - waitForElementPresent(findTestObject("Scenario_3/Page_/a_Sign In"), 0): Object 'Object Repository/Scenario_3/Page_/a_Sign In' is present

14-01-2025T17:19:46 - [MESSAGE][WARNING] - Timeout '0' is invalid. Using default page load timeout: '30'

14-01-2025T17:19:46 - [MESSAGE][PASSED] - Object 'Object Repository/Scenario_3/Page_/a_Sign In' is present

14-01-2025T17:19:46 - [TEST_STEP][PASSED] - click(findTestObject("Object Repository/Scenario_3/Page_/a_Sign In")): Object: 'Object Repository/Scenario_3/Page_/a_Sign In' is clicked on

14-01-2025T17:19:49 - [MESSAGE][PASSED] - Object: 'Object Repository/Scenario_3/Page_/a_Sign In' is clicked on

14-01-2025T17:19:49 - [TEST_STEP][PASSED] - waitForElementPresent(findTestObject("Scenario_2/Page_Customer Login/input_Email_loginusername"), 0): Object 'Object Repository/Scenario_2/Page_Customer Login/input_Email_loginusername' is present

14-01-2025T17:19:49 - [MESSAGE][WARNING] - Timeout '0' is invalid. Using default page load timeout: '30'

14-01-2025T17:19:50 - [MESSAGE][PASSED] - Object 'Object Repository/Scenario_2/Page_Customer Login/input_Email_loginusername' is present

14-01-2025T17:19:50 - [TEST_STEP][PASSED] - setText(findTestObject("Object Repository/Scenario_2/Page_Customer Login/input_Email_loginusername"), UserID): Text 'ta4@gmail.com' is set on object 'Object Repository/Scenario_2/Page_Customer Login/input_Email_loginusername'

14-01-2025T17:19:50 - [MESSAGE][PASSED] - Text 'ta4@gmail.com' is set on object 'Object Repository/Scenario_2/Page_Customer Login/input_Email_loginusername'

14-01-2025T17:19:50 - [TEST_STEP][PASSED] - waitForElementPresent(findTestObject("Scenario_2/Page_Customer Login/input_Password_loginpassword"), 0): Object 'Object Repository/Scenario_2/Page_Customer Login/input_Password_loginpassword' is present

14-01-2025T17:19:51 - [MESSAGE][WARNING] - Timeout '0' is invalid. Using default page load timeout: '30'

14-01-2025T17:19:51 - [MESSAGE][PASSED] - Object 'Object Repository/Scenario_2/Page_Customer Login/input_Password_loginpassword' is present

14-01-2025T17:19:51 - [TEST_STEP][PASSED] - setEncryptedText(findTestObject("Object Repository/Scenario_2/Page_Customer Login/input_Password_loginpassword"), Password): Text ****** has been set on object 'Object Repository/Scenario_2/Page_Customer Login/input_Password_loginpassword'

14-01-2025T17:19:51 - [MESSAGE][PASSED] - Text ****** has been set on object 'Object Repository/Scenario_2/Page_Customer Login/input_Password_loginpassword'

14-01-2025T17:19:51 - [TEST_STEP][PASSED] - waitForElementPresent(findTestObject("Scenario_2/Page_Customer Login/span_Sign In"), 0): Object 'Object Repository/Scenario_2/Page_Customer Login/span_Sign In' is present

14-01-2025T17:19:52 - [MESSAGE][WARNING] - Timeout '0' is invalid. Using default page load timeout: '30'

14-01-2025T17:19:52 - [MESSAGE][PASSED] - Object 'Object Repository/Scenario_2/Page_Customer Login/span_Sign In' is present

14-01-2025T17:19:52 - [TEST_STEP][PASSED] - click(findTestObject("Object Repository/Scenario_2/Page_Customer Login/span_Sign In")): Object: 'Object Repository/Scenario_2/Page_Customer Login/span_Sign In' is clicked on

14-01-2025T17:19:54 - [MESSAGE][PASSED] - Object: 'Object Repository/Scenario_2/Page_Customer Login/span_Sign In' is clicked on

14-01-2025T17:19:54 - [TEST_STEP][PASSED] - waitForElementPresent(findTestObject("Scenario_2/Page_Home Page/span_Shorts_ui-menu-icon ui-icon ui-icon-carat-1-e"), 0): Object 'Object Repository/Scenario_2/Page_Home Page/span_Shorts_ui-menu-icon ui-icon ui-icon-carat-1-e' is present

14-01-2025T17:19:54 - [MESSAGE][WARNING] - Timeout '0' is invalid. Using default page load timeout: '30'

14-01-2025T17:19:55 - [MESSAGE][PASSED] - Object 'Object Repository/Scenario_2/Page_Home Page/span_Shorts_ui-menu-icon ui-icon ui-icon-carat-1-e' is present

14-01-2025T17:19:55 - [TEST_STEP][PASSED] - click(findTestObject("Object Repository/Scenario_2/Page_Home Page/span_Shorts_ui-menu-icon ui-icon ui-icon-carat-1-e")): Object: 'Object Repository/Scenario_2/Page_Home Page/span_Shorts_ui-menu-icon ui-icon ui-icon-carat-1-e' is clicked on

14-01-2025T17:19:57 - [MESSAGE][PASSED] - Object: 'Object Repository/Scenario_2/Page_Home Page/span_Shorts_ui-menu-icon ui-icon ui-icon-carat-1-e' is clicked on

14-01-2025T17:19:57 - [TEST_STEP][PASSED] - waitForElementPresent(findTestObject("Scenario_2/Page_Men/a_Jackets"), 0): Object 'Object Repository/Scenario_2/Page_Men/a_Jackets' is present

14-01-2025T17:19:57 - [MESSAGE][WARNING] - Timeout '0' is invalid. Using default page load timeout: '30'

14-01-2025T17:19:57 - [MESSAGE][PASSED] - Object 'Object Repository/Scenario_2/Page_Men/a_Jackets' is present

14-01-2025T17:19:57 - [TEST_STEP][PASSED] - click(findTestObject("Object Repository/Scenario_2/Page_Men/a_Jackets")): Object: 'Object Repository/Scenario_2/Page_Men/a_Jackets' is clicked on

14-01-2025T17:20:00 - [MESSAGE][PASSED] - Object: 'Object Repository/Scenario_2/Page_Men/a_Jackets' is clicked on

14-01-2025T17:20:00 - [TEST_STEP][PASSED] - waitForElementPresent(findTestObject("Scenario_2/Page_Jackets - Tops - Men/img_Add to Compare_product-image-photo"), 0): Object 'Object Repository/Scenario_2/Page_Jackets - Tops - Men/img_Add to Compare_product-image-photo' is present

14-01-2025T17:20:00 - [MESSAGE][WARNING] - Timeout '0' is invalid. Using default page load timeout: '30'

14-01-2025T17:20:00 - [MESSAGE][PASSED] - Object 'Object Repository/Scenario_2/Page_Jackets - Tops - Men/img_Add to Compare_product-image-photo' is present

14-01-2025T17:20:00 - [TEST_STEP][PASSED] - click(findTestObject("Scenario_2/Page_Jackets - Tops - Men/img_Add to Compare_product-image-photo")): Object: 'Object Repository/Scenario_2/Page_Jackets - Tops - Men/img_Add to Compare_product-image-photo' is clicked on

14-01-2025T17:20:02 - [MESSAGE][PASSED] - Object: 'Object Repository/Scenario_2/Page_Jackets - Tops - Men/img_Add to Compare_product-image-photo' is clicked on

14-01-2025T17:20:02 - [TEST_STEP][PASSED] - waitForElementPresent(findTestObject("Scenario_2/Page_Montana Wind Jacket/div_S"), 0): Object 'Object Repository/Scenario_2/Page_Montana Wind Jacket/div_S' is present

14-01-2025T17:20:02 - [MESSAGE][WARNING] - Timeout '0' is invalid. Using default page load timeout: '30'

14-01-2025T17:20:03 - [MESSAGE][PASSED] - Object 'Object Repository/Scenario_2/Page_Montana Wind Jacket/div_S' is present

14-01-2025T17:20:03 - [TEST_STEP][PASSED] - click(findTestObject("Object Repository/Scenario_2/Page_Montana Wind Jacket/div_S")): Object: 'Object Repository/Scenario_2/Page_Montana Wind Jacket/div_S' is clicked on

14-01-2025T17:20:04 - [MESSAGE][PASSED] - Object: 'Object Repository/Scenario_2/Page_Montana Wind Jacket/div_S' is clicked on

14-01-2025T17:20:04 - [TEST_STEP][PASSED] - waitForElementPresent(findTestObject("Scenario_2/Page_Montana Wind Jacket/div_Color_option-label-color-93-item-49"), 0): Object 'Object Repository/Scenario_2/Page_Montana Wind Jacket/div_Color_option-label-color-93-item-49' is present

14-01-2025T17:20:04 - [MESSAGE][WARNING] - Timeout '0' is invalid. Using default page load timeout: '30'

14-01-2025T17:20:04 - [MESSAGE][PASSED] - Object 'Object Repository/Scenario_2/Page_Montana Wind Jacket/div_Color_option-label-color-93-item-49' is present

14-01-2025T17:20:04 - [TEST_STEP][PASSED] - click(findTestObject("Object Repository/Scenario_2/Page_Montana Wind Jacket/div_Color_option-label-color-93-item-49")): Object: 'Object Repository/Scenario_2/Page_Montana Wind Jacket/div_Color_option-label-color-93-item-49' is clicked on

14-01-2025T17:20:05 - [MESSAGE][PASSED] - Object: 'Object Repository/Scenario_2/Page_Montana Wind Jacket/div_Color_option-label-color-93-item-49' is clicked on

14-01-2025T17:20:05 - [TEST_STEP][PASSED] - waitForElementPresent(findTestObject("Scenario_2/Page_Montana Wind Jacket/span_Add to Cart"), 0): Object 'Object Repository/Scenario_2/Page_Montana Wind Jacket/span_Add to Cart' is present

14-01-2025T17:20:05 - [MESSAGE][WARNING] - Timeout '0' is invalid. Using default page load timeout: '30'

14-01-2025T17:20:05 - [MESSAGE][PASSED] - Object 'Object Repository/Scenario_2/Page_Montana Wind Jacket/span_Add to Cart' is present

14-01-2025T17:20:05 - [TEST_STEP][PASSED] - click(findTestObject("Object Repository/Scenario_2/Page_Montana Wind Jacket/span_Add to Cart")): Object: 'Object Repository/Scenario_2/Page_Montana Wind Jacket/span_Add to Cart' is clicked on

14-01-2025T17:20:05 - [MESSAGE][PASSED] - Object: 'Object Repository/Scenario_2/Page_Montana Wind Jacket/span_Add to Cart' is clicked on

14-01-2025T17:20:05 - [TEST_STEP][PASSED] - waitForElementPresent(findTestObject("Scenario_2/Page_Montana Wind Jacket/div_You added Montana Wind Jacket to your s_af8450"), 0): Object 'Object Repository/Scenario_2/Page_Montana Wind Jacket/div_You added Montana Wind Jacket to your s_af8450' is present

14-01-2025T17:20:06 - [MESSAGE][WARNING] - Timeout '0' is invalid. Using default page load timeout: '30'

14-01-2025T17:20:09 - [MESSAGE][PASSED] - Object 'Object Repository/Scenario_2/Page_Montana Wind Jacket/div_You added Montana Wind Jacket to your s_af8450' is present

14-01-2025T17:20:09 - [TEST_STEP][PASSED] - verifyElementText(findTestObject("Object Repository/Scenario_2/Page_Montana Wind Jacket/div_You added Montana Wind Jacket to your s_af8450"), "You added Montana Wind Jacket to your shopping cart."): Actual text and expected text of test object 'Object Repository/Scenario_2/Page_Montana Wind Jacket/div_You added Montana Wind Jacket to your s_af8450' are matched.

14-01-2025T17:20:10 - [MESSAGE][PASSED] - Actual text and expected text of test object 'Object Repository/Scenario_2/Page_Montana Wind Jacket/div_You added Montana Wind Jacket to your s_af8450' are matched.

14-01-2025T17:20:10 - [TEST_STEP][PASSED] - waitForElementPresent(findTestObject("Scenario_2/Page_Montana Wind Jacket/a_My Cart                    1             _241c1f"), 0): Object 'Object Repository/Scenario_2/Page_Montana Wind Jacket/a_My Cart                    1             _241c1f' is present

14-01-2025T17:20:10 - [MESSAGE][WARNING] - Timeout '0' is invalid. Using default page load timeout: '30'

14-01-2025T17:20:10 - [MESSAGE][PASSED] - Object 'Object Repository/Scenario_2/Page_Montana Wind Jacket/a_My Cart                    1             _241c1f' is present

14-01-2025T17:20:10 - [TEST_STEP][PASSED] - verifyElementVisible(findTestObject("Object Repository/Scenario_2/Page_Montana Wind Jacket/a_My Cart                    1             _241c1f")): Object 'Object Repository/Scenario_2/Page_Montana Wind Jacket/a_My Cart                    1             _241c1f' is visible

14-01-2025T17:20:10 - [MESSAGE][PASSED] - Object 'Object Repository/Scenario_2/Page_Montana Wind Jacket/a_My Cart                    1             _241c1f' is visible

14-01-2025T17:20:10 - [TEST_STEP][PASSED] - closeBrowser(STOP_ON_FAILURE): Browser is closed

14-01-2025T17:20:12 - [MESSAGE][PASSED] - Browser is closed]]></system-out>
         <system-err><![CDATA[]]></system-err>
      </testcase>
      <testcase name="Test Cases/Scenario_3" time="84.33" classname="Test Cases/Scenario_3" status="FAILED">
         <failure type="FAILED" message="Test Cases/Scenario_3 FAILED.&#xa;Reason:&#xa;com.kms.katalon.core.exception.StepFailedException: Unable to click on object 'Object Repository/Scenario_3/Page_My Account/button_Proceed to Checkout'&#xa;	at com.kms.katalon.core.webui.keyword.internal.WebUIKeywordMain.stepFailed(WebUIKeywordMain.groovy:117)&#xa;	at com.kms.katalon.core.webui.keyword.internal.WebUIKeywordMain.runKeyword(WebUIKeywordMain.groovy:43)&#xa;	at com.kms.katalon.core.webui.keyword.builtin.ClickKeyword.click(ClickKeyword.groovy:75)&#xa;	at com.kms.katalon.core.webui.keyword.builtin.ClickKeyword.execute(ClickKeyword.groovy:40)&#xa;	at com.kms.katalon.core.keyword.internal.KeywordExecutor.executeKeywordForPlatform(KeywordExecutor.groovy:74)&#xa;	at com.kms.katalon.core.webui.keyword.WebUiBuiltInKeywords.click(WebUiBuiltInKeywords.groovy:696)&#xa;	at Scenario_3.run(Scenario_3:54)&#xa;	at com.kms.katalon.core.main.ScriptEngine.run(ScriptEngine.java:194)&#xa;	at com.kms.katalon.core.main.ScriptEngine.runScriptAsRawText(ScriptEngine.java:119)&#xa;	at com.kms.katalon.core.main.TestCaseExecutor.runScript(TestCaseExecutor.java:448)&#xa;	at com.kms.katalon.core.main.TestCaseExecutor.doExecute(TestCaseExecutor.java:439)&#xa;	at com.kms.katalon.core.main.TestCaseExecutor.processExecutionPhase(TestCaseExecutor.java:418)&#xa;	at com.kms.katalon.core.main.TestCaseExecutor.accessMainPhase(TestCaseExecutor.java:410)&#xa;	at com.kms.katalon.core.main.TestCaseExecutor.execute(TestCaseExecutor.java:285)&#xa;	at com.kms.katalon.core.common.CommonExecutor.accessTestCaseMainPhase(CommonExecutor.java:65)&#xa;	at com.kms.katalon.core.main.TestSuiteExecutor.accessTestSuiteMainPhase(TestSuiteExecutor.java:161)&#xa;	at com.kms.katalon.core.main.TestSuiteExecutor.execute(TestSuiteExecutor.java:107)&#xa;	at com.kms.katalon.core.main.TestCaseMain.startTestSuite(TestCaseMain.java:176)&#xa;	at TempTestSuite1736855293393.run(TempTestSuite1736855293393.groovy:35)&#xa;	at java.base/jdk.internal.reflect.NativeMethodAccessorImpl.invoke0(Native Method)&#xa;	at java.base/jdk.internal.reflect.NativeMethodAccessorImpl.invoke(NativeMethodAccessorImpl.java:77)&#xa;	at java.base/jdk.internal.reflect.DelegatingMethodAccessorImpl.invoke(DelegatingMethodAccessorImpl.java:43)&#xa;Caused by: com.kms.katalon.core.webui.exception.WebElementNotFoundException: Web element with id: 'Object Repository/Scenario_3/Page_My Account/button_Proceed to Checkout' located by '//button[@id='top-cart-btn-checkout']' not found&#xa;	at com.kms.katalon.core.webui.common.WebUiCommonHelper.findWebElement(WebUiCommonHelper.java:1426)&#xa;	at com.kms.katalon.core.webui.keyword.internal.WebUIAbstractKeyword.findWebElement(WebUIAbstractKeyword.groovy:27)&#xa;	at com.kms.katalon.core.webui.keyword.builtin.ClickKeyword$_click_closure1.doCall(ClickKeyword.groovy:66)&#xa;	at com.kms.katalon.core.webui.keyword.builtin.ClickKeyword$_click_closure1.call(ClickKeyword.groovy)&#xa;	at com.kms.katalon.core.webui.keyword.internal.WebUIKeywordMain.runKeyword(WebUIKeywordMain.groovy:35)&#xa;	... 20 more&#xa;"/>
         <system-out><![CDATA[14-01-2025T17:20:12 - [TEST_CASE][FAILED] - Test Cases/Scenario_3: Test Cases/Scenario_3 FAILED.
Reason:
com.kms.katalon.core.exception.StepFailedException: Unable to click on object 'Object Repository/Scenario_3/Page_My Account/button_Proceed to Checkout'
	at com.kms.katalon.core.webui.keyword.internal.WebUIKeywordMain.stepFailed(WebUIKeywordMain.groovy:117)
	at com.kms.katalon.core.webui.keyword.internal.WebUIKeywordMain.runKeyword(WebUIKeywordMain.groovy:43)
	at com.kms.katalon.core.webui.keyword.builtin.ClickKeyword.click(ClickKeyword.groovy:75)
	at com.kms.katalon.core.webui.keyword.builtin.ClickKeyword.execute(ClickKeyword.groovy:40)
	at com.kms.katalon.core.keyword.internal.KeywordExecutor.executeKeywordForPlatform(KeywordExecutor.groovy:74)
	at com.kms.katalon.core.webui.keyword.WebUiBuiltInKeywords.click(WebUiBuiltInKeywords.groovy:696)
	at Scenario_3.run(Scenario_3:54)
	at com.kms.katalon.core.main.ScriptEngine.run(ScriptEngine.java:194)
	at com.kms.katalon.core.main.ScriptEngine.runScriptAsRawText(ScriptEngine.java:119)
	at com.kms.katalon.core.main.TestCaseExecutor.runScript(TestCaseExecutor.java:448)
	at com.kms.katalon.core.main.TestCaseExecutor.doExecute(TestCaseExecutor.java:439)
	at com.kms.katalon.core.main.TestCaseExecutor.processExecutionPhase(TestCaseExecutor.java:418)
	at com.kms.katalon.core.main.TestCaseExecutor.accessMainPhase(TestCaseExecutor.java:410)
	at com.kms.katalon.core.main.TestCaseExecutor.execute(TestCaseExecutor.java:285)
	at com.kms.katalon.core.common.CommonExecutor.accessTestCaseMainPhase(CommonExecutor.java:65)
	at com.kms.katalon.core.main.TestSuiteExecutor.accessTestSuiteMainPhase(TestSuiteExecutor.java:161)
	at com.kms.katalon.core.main.TestSuiteExecutor.execute(TestSuiteExecutor.java:107)
	at com.kms.katalon.core.main.TestCaseMain.startTestSuite(TestCaseMain.java:176)
	at TempTestSuite1736855293393.run(TempTestSuite1736855293393.groovy:35)
	at java.base/jdk.internal.reflect.NativeMethodAccessorImpl.invoke0(Native Method)
	at java.base/jdk.internal.reflect.NativeMethodAccessorImpl.invoke(NativeMethodAccessorImpl.java:77)
	at java.base/jdk.internal.reflect.DelegatingMethodAccessorImpl.invoke(DelegatingMethodAccessorImpl.java:43)
Caused by: com.kms.katalon.core.webui.exception.WebElementNotFoundException: Web element with id: 'Object Repository/Scenario_3/Page_My Account/button_Proceed to Checkout' located by '//button[@id='top-cart-btn-checkout']' not found
	at com.kms.katalon.core.webui.common.WebUiCommonHelper.findWebElement(WebUiCommonHelper.java:1426)
	at com.kms.katalon.core.webui.keyword.internal.WebUIAbstractKeyword.findWebElement(WebUIAbstractKeyword.groovy:27)
	at com.kms.katalon.core.webui.keyword.builtin.ClickKeyword$_click_closure1.doCall(ClickKeyword.groovy:66)
	at com.kms.katalon.core.webui.keyword.builtin.ClickKeyword$_click_closure1.call(ClickKeyword.groovy)
	at com.kms.katalon.core.webui.keyword.internal.WebUIKeywordMain.runKeyword(WebUIKeywordMain.groovy:35)
	... 20 more


14-01-2025T17:20:12 - [TEST_STEP][PASSED] - openBrowser(""): Browser is opened with url: ''

14-01-2025T17:20:12 - [MESSAGE][INFO] - Starting 'Chrome' driver

14-01-2025T17:20:12 - [MESSAGE][INFO] - Action delay is set to 0 milliseconds

14-01-2025T17:20:13 - [MESSAGE][PASSED] - Browser is opened with url: ''

14-01-2025T17:20:13 - [TEST_STEP][PASSED] - maximizeWindow(STOP_ON_FAILURE): Current window maximized

14-01-2025T17:20:14 - [MESSAGE][PASSED] - Current window maximized

14-01-2025T17:20:14 - [TEST_STEP][PASSED] - navigateToUrl(URL): Navigate to 'https://magento.softwaretestingboard.com/' successfully

14-01-2025T17:20:23 - [MESSAGE][PASSED] - Navigate to 'https://magento.softwaretestingboard.com/' successfully

14-01-2025T17:20:23 - [TEST_STEP][PASSED] - delay(2): Delayed 2 second(s)

14-01-2025T17:20:25 - [MESSAGE][PASSED] - Delayed 2 second(s)

14-01-2025T17:20:25 - [TEST_STEP][PASSED] - waitForElementPresent(findTestObject("Scenario_3/Page_/a_Sign In"), 0): Object 'Object Repository/Scenario_3/Page_/a_Sign In' is present

14-01-2025T17:20:25 - [MESSAGE][WARNING] - Timeout '0' is invalid. Using default page load timeout: '30'

14-01-2025T17:20:25 - [MESSAGE][PASSED] - Object 'Object Repository/Scenario_3/Page_/a_Sign In' is present

14-01-2025T17:20:25 - [TEST_STEP][PASSED] - click(findTestObject("Object Repository/Scenario_3/Page_/a_Sign In")): Object: 'Object Repository/Scenario_3/Page_/a_Sign In' is clicked on

14-01-2025T17:20:27 - [MESSAGE][PASSED] - Object: 'Object Repository/Scenario_3/Page_/a_Sign In' is clicked on

14-01-2025T17:20:27 - [TEST_STEP][PASSED] - waitForElementPresent(findTestObject("Scenario_3/Page_Customer Login/input_Email_loginusername"), 0): Object 'Object Repository/Scenario_3/Page_Customer Login/input_Email_loginusername' is present

14-01-2025T17:20:27 - [MESSAGE][WARNING] - Timeout '0' is invalid. Using default page load timeout: '30'

14-01-2025T17:20:27 - [MESSAGE][PASSED] - Object 'Object Repository/Scenario_3/Page_Customer Login/input_Email_loginusername' is present

14-01-2025T17:20:27 - [TEST_STEP][PASSED] - setText(findTestObject("Object Repository/Scenario_3/Page_Customer Login/input_Email_loginusername"), UserID): Text 'ta4@gmail.com' is set on object 'Object Repository/Scenario_3/Page_Customer Login/input_Email_loginusername'

14-01-2025T17:20:28 - [MESSAGE][PASSED] - Text 'ta4@gmail.com' is set on object 'Object Repository/Scenario_3/Page_Customer Login/input_Email_loginusername'

14-01-2025T17:20:28 - [TEST_STEP][PASSED] - waitForElementPresent(findTestObject("Scenario_3/Page_Customer Login/input_Password_loginpassword"), 0): Object 'Object Repository/Scenario_3/Page_Customer Login/input_Password_loginpassword' is present

14-01-2025T17:20:28 - [MESSAGE][WARNING] - Timeout '0' is invalid. Using default page load timeout: '30'

14-01-2025T17:20:28 - [MESSAGE][PASSED] - Object 'Object Repository/Scenario_3/Page_Customer Login/input_Password_loginpassword' is present

14-01-2025T17:20:28 - [TEST_STEP][PASSED] - setEncryptedText(findTestObject("Object Repository/Scenario_3/Page_Customer Login/input_Password_loginpassword"), Password): Text ****** has been set on object 'Object Repository/Scenario_3/Page_Customer Login/input_Password_loginpassword'

14-01-2025T17:20:28 - [MESSAGE][PASSED] - Text ****** has been set on object 'Object Repository/Scenario_3/Page_Customer Login/input_Password_loginpassword'

14-01-2025T17:20:28 - [TEST_STEP][PASSED] - waitForElementPresent(findTestObject("Scenario_3/Page_Customer Login/span_Sign In"), 0): Object 'Object Repository/Scenario_3/Page_Customer Login/span_Sign In' is present

14-01-2025T17:20:28 - [MESSAGE][WARNING] - Timeout '0' is invalid. Using default page load timeout: '30'

14-01-2025T17:20:29 - [MESSAGE][PASSED] - Object 'Object Repository/Scenario_3/Page_Customer Login/span_Sign In' is present

14-01-2025T17:20:29 - [TEST_STEP][PASSED] - click(findTestObject("Object Repository/Scenario_3/Page_Customer Login/span_Sign In")): Object: 'Object Repository/Scenario_3/Page_Customer Login/span_Sign In' is clicked on

14-01-2025T17:20:31 - [MESSAGE][PASSED] - Object: 'Object Repository/Scenario_3/Page_Customer Login/span_Sign In' is clicked on

14-01-2025T17:20:31 - [TEST_STEP][PASSED] - delay(2): Delayed 2 second(s)

14-01-2025T17:20:33 - [MESSAGE][PASSED] - Delayed 2 second(s)

14-01-2025T17:20:33 - [TEST_STEP][PASSED] - waitForElementPresent(findTestObject("Scenario_3/Page_My Account/a_My Cart                    1             _241c1f"), 0): Object 'Object Repository/Scenario_3/Page_My Account/a_My Cart                    1             _241c1f' is present

14-01-2025T17:20:33 - [MESSAGE][WARNING] - Timeout '0' is invalid. Using default page load timeout: '30'

14-01-2025T17:20:33 - [MESSAGE][PASSED] - Object 'Object Repository/Scenario_3/Page_My Account/a_My Cart                    1             _241c1f' is present

14-01-2025T17:20:33 - [TEST_STEP][PASSED] - click(findTestObject("Scenario_3/Page_My Account/a_My Cart                    1             _241c1f")): Object: 'Object Repository/Scenario_3/Page_My Account/a_My Cart                    1             _241c1f' is clicked on

14-01-2025T17:20:34 - [MESSAGE][PASSED] - Object: 'Object Repository/Scenario_3/Page_My Account/a_My Cart                    1             _241c1f' is clicked on

14-01-2025T17:20:34 - [TEST_STEP][PASSED] - waitForElementPresent(findTestObject("Scenario_3/Page_My Account/button_Proceed to Checkout"), 0): Object 'Object Repository/Scenario_3/Page_My Account/button_Proceed to Checkout' is not present after 0 second(s)

14-01-2025T17:20:34 - [MESSAGE][WARNING] - Timeout '0' is invalid. Using default page load timeout: '30'

14-01-2025T17:21:05 - [MESSAGE][INFO] - Unable to find the element located by 'By.xpath: //button[@id='top-cart-btn-checkout']'. Please recheck the objects properties to make sure the desired element is located. 

14-01-2025T17:21:05 - [MESSAGE][WARNING] - Object 'Object Repository/Scenario_3/Page_My Account/button_Proceed to Checkout' is not present after 0 second(s)

14-01-2025T17:21:05 - [TEST_STEP][FAILED] - click(findTestObject("Object Repository/Scenario_3/Page_My Account/button_Proceed to Checkout")): Unable to click on object 'Object Repository/Scenario_3/Page_My Account/button_Proceed to Checkout' (Root cause: com.kms.katalon.core.exception.StepFailedException: Unable to click on object 'Object Repository/Scenario_3/Page_My Account/button_Proceed to Checkout'
	at com.kms.katalon.core.webui.keyword.internal.WebUIKeywordMain.stepFailed(WebUIKeywordMain.groovy:117)
	at com.kms.katalon.core.webui.keyword.internal.WebUIKeywordMain.runKeyword(WebUIKeywordMain.groovy:43)
	at com.kms.katalon.core.webui.keyword.builtin.ClickKeyword.click(ClickKeyword.groovy:75)
	at com.kms.katalon.core.webui.keyword.builtin.ClickKeyword.execute(ClickKeyword.groovy:40)
	at com.kms.katalon.core.keyword.internal.KeywordExecutor.executeKeywordForPlatform(KeywordExecutor.groovy:74)
	at com.kms.katalon.core.webui.keyword.WebUiBuiltInKeywords.click(WebUiBuiltInKeywords.groovy:696)
	at Scenario_3.run(Scenario_3:54)
	at com.kms.katalon.core.main.ScriptEngine.run(ScriptEngine.java:194)
	at com.kms.katalon.core.main.ScriptEngine.runScriptAsRawText(ScriptEngine.java:119)
	at com.kms.katalon.core.main.TestCaseExecutor.runScript(TestCaseExecutor.java:448)
	at com.kms.katalon.core.main.TestCaseExecutor.doExecute(TestCaseExecutor.java:439)
	at com.kms.katalon.core.main.TestCaseExecutor.processExecutionPhase(TestCaseExecutor.java:418)
	at com.kms.katalon.core.main.TestCaseExecutor.accessMainPhase(TestCaseExecutor.java:410)
	at com.kms.katalon.core.main.TestCaseExecutor.execute(TestCaseExecutor.java:285)
	at com.kms.katalon.core.common.CommonExecutor.accessTestCaseMainPhase(CommonExecutor.java:65)
	at com.kms.katalon.core.main.TestSuiteExecutor.accessTestSuiteMainPhase(TestSuiteExecutor.java:161)
	at com.kms.katalon.core.main.TestSuiteExecutor.execute(TestSuiteExecutor.java:107)
	at com.kms.katalon.core.main.TestCaseMain.startTestSuite(TestCaseMain.java:176)
	at TempTestSuite1736855293393.run(TempTestSuite1736855293393.groovy:35)
	at java.base/jdk.internal.reflect.NativeMethodAccessorImpl.invoke0(Native Method)
	at java.base/jdk.internal.reflect.NativeMethodAccessorImpl.invoke(NativeMethodAccessorImpl.java:77)
	at java.base/jdk.internal.reflect.DelegatingMethodAccessorImpl.invoke(DelegatingMethodAccessorImpl.java:43)
Caused by: com.kms.katalon.core.webui.exception.WebElementNotFoundException: Web element with id: 'Object Repository/Scenario_3/Page_My Account/button_Proceed to Checkout' located by '//button[@id='top-cart-btn-checkout']' not found
	at com.kms.katalon.core.webui.common.WebUiCommonHelper.findWebElement(WebUiCommonHelper.java:1426)
	at com.kms.katalon.core.webui.keyword.internal.WebUIAbstractKeyword.findWebElement(WebUIAbstractKeyword.groovy:27)
	at com.kms.katalon.core.webui.keyword.builtin.ClickKeyword$_click_closure1.doCall(ClickKeyword.groovy:66)
	at com.kms.katalon.core.webui.keyword.builtin.ClickKeyword$_click_closure1.call(ClickKeyword.groovy)
	at com.kms.katalon.core.webui.keyword.internal.WebUIKeywordMain.runKeyword(WebUIKeywordMain.groovy:35)
	at com.kms.katalon.core.webui.keyword.builtin.ClickKeyword.click(ClickKeyword.groovy:75)
	at com.kms.katalon.core.webui.keyword.builtin.ClickKeyword.execute(ClickKeyword.groovy:40)
	at com.kms.katalon.core.keyword.internal.KeywordExecutor.executeKeywordForPlatform(KeywordExecutor.groovy:74)
	at com.kms.katalon.core.webui.keyword.WebUiBuiltInKeywords.click(WebUiBuiltInKeywords.groovy:696)
	at Script1736852427219.run(Script1736852427219.groovy:54)
	... 15 more
)

14-01-2025T17:21:36 - [MESSAGE][INFO] - Unable to find the element located by 'By.xpath: //button[@id='top-cart-btn-checkout']'. Please recheck the objects properties to make sure the desired element is located. 

14-01-2025T17:21:36 - [MESSAGE][FAILED] - Unable to click on object 'Object Repository/Scenario_3/Page_My Account/button_Proceed to Checkout' (Root cause: com.kms.katalon.core.exception.StepFailedException: Unable to click on object 'Object Repository/Scenario_3/Page_My Account/button_Proceed to Checkout'
	at com.kms.katalon.core.webui.keyword.internal.WebUIKeywordMain.stepFailed(WebUIKeywordMain.groovy:117)
	at com.kms.katalon.core.webui.keyword.internal.WebUIKeywordMain.runKeyword(WebUIKeywordMain.groovy:43)
	at com.kms.katalon.core.webui.keyword.builtin.ClickKeyword.click(ClickKeyword.groovy:75)
	at com.kms.katalon.core.webui.keyword.builtin.ClickKeyword.execute(ClickKeyword.groovy:40)
	at com.kms.katalon.core.keyword.internal.KeywordExecutor.executeKeywordForPlatform(KeywordExecutor.groovy:74)
	at com.kms.katalon.core.webui.keyword.WebUiBuiltInKeywords.click(WebUiBuiltInKeywords.groovy:696)
	at Scenario_3.run(Scenario_3:54)
	at com.kms.katalon.core.main.ScriptEngine.run(ScriptEngine.java:194)
	at com.kms.katalon.core.main.ScriptEngine.runScriptAsRawText(ScriptEngine.java:119)
	at com.kms.katalon.core.main.TestCaseExecutor.runScript(TestCaseExecutor.java:448)
	at com.kms.katalon.core.main.TestCaseExecutor.doExecute(TestCaseExecutor.java:439)
	at com.kms.katalon.core.main.TestCaseExecutor.processExecutionPhase(TestCaseExecutor.java:418)
	at com.kms.katalon.core.main.TestCaseExecutor.accessMainPhase(TestCaseExecutor.java:410)
	at com.kms.katalon.core.main.TestCaseExecutor.execute(TestCaseExecutor.java:285)
	at com.kms.katalon.core.common.CommonExecutor.accessTestCaseMainPhase(CommonExecutor.java:65)
	at com.kms.katalon.core.main.TestSuiteExecutor.accessTestSuiteMainPhase(TestSuiteExecutor.java:161)
	at com.kms.katalon.core.main.TestSuiteExecutor.execute(TestSuiteExecutor.java:107)
	at com.kms.katalon.core.main.TestCaseMain.startTestSuite(TestCaseMain.java:176)
	at TempTestSuite1736855293393.run(TempTestSuite1736855293393.groovy:35)
	at java.base/jdk.internal.reflect.NativeMethodAccessorImpl.invoke0(Native Method)
	at java.base/jdk.internal.reflect.NativeMethodAccessorImpl.invoke(NativeMethodAccessorImpl.java:77)
	at java.base/jdk.internal.reflect.DelegatingMethodAccessorImpl.invoke(DelegatingMethodAccessorImpl.java:43)
Caused by: com.kms.katalon.core.webui.exception.WebElementNotFoundException: Web element with id: 'Object Repository/Scenario_3/Page_My Account/button_Proceed to Checkout' located by '//button[@id='top-cart-btn-checkout']' not found
	at com.kms.katalon.core.webui.common.WebUiCommonHelper.findWebElement(WebUiCommonHelper.java:1426)
	at com.kms.katalon.core.webui.keyword.internal.WebUIAbstractKeyword.findWebElement(WebUIAbstractKeyword.groovy:27)
	at com.kms.katalon.core.webui.keyword.builtin.ClickKeyword$_click_closure1.doCall(ClickKeyword.groovy:66)
	at com.kms.katalon.core.webui.keyword.builtin.ClickKeyword$_click_closure1.call(ClickKeyword.groovy)
	at com.kms.katalon.core.webui.keyword.internal.WebUIKeywordMain.runKeyword(WebUIKeywordMain.groovy:35)
	at com.kms.katalon.core.webui.keyword.builtin.ClickKeyword.click(ClickKeyword.groovy:75)
	at com.kms.katalon.core.webui.keyword.builtin.ClickKeyword.execute(ClickKeyword.groovy:40)
	at com.kms.katalon.core.keyword.internal.KeywordExecutor.executeKeywordForPlatform(KeywordExecutor.groovy:74)
	at com.kms.katalon.core.webui.keyword.WebUiBuiltInKeywords.click(WebUiBuiltInKeywords.groovy:696)
	at Script1736852427219.run(Script1736852427219.groovy:54)
	... 15 more
)
[[ATTACHMENT|C:\\Users\\Rajesh kasture\\git\\LUMA_Project\\LUMA_Project\\Reports\\20250114_171813\\Luma Project\\LUMA_Project_Suite\\20250114_171813\\1736855496497.png]]]]></system-out>
         <system-err><![CDATA[14-01-2025T17:20:12 - [TEST_CASE][FAILED] - Test Cases/Scenario_3: Test Cases/Scenario_3 FAILED.
Reason:
com.kms.katalon.core.exception.StepFailedException: Unable to click on object 'Object Repository/Scenario_3/Page_My Account/button_Proceed to Checkout'
	at com.kms.katalon.core.webui.keyword.internal.WebUIKeywordMain.stepFailed(WebUIKeywordMain.groovy:117)
	at com.kms.katalon.core.webui.keyword.internal.WebUIKeywordMain.runKeyword(WebUIKeywordMain.groovy:43)
	at com.kms.katalon.core.webui.keyword.builtin.ClickKeyword.click(ClickKeyword.groovy:75)
	at com.kms.katalon.core.webui.keyword.builtin.ClickKeyword.execute(ClickKeyword.groovy:40)
	at com.kms.katalon.core.keyword.internal.KeywordExecutor.executeKeywordForPlatform(KeywordExecutor.groovy:74)
	at com.kms.katalon.core.webui.keyword.WebUiBuiltInKeywords.click(WebUiBuiltInKeywords.groovy:696)
	at Scenario_3.run(Scenario_3:54)
	at com.kms.katalon.core.main.ScriptEngine.run(ScriptEngine.java:194)
	at com.kms.katalon.core.main.ScriptEngine.runScriptAsRawText(ScriptEngine.java:119)
	at com.kms.katalon.core.main.TestCaseExecutor.runScript(TestCaseExecutor.java:448)
	at com.kms.katalon.core.main.TestCaseExecutor.doExecute(TestCaseExecutor.java:439)
	at com.kms.katalon.core.main.TestCaseExecutor.processExecutionPhase(TestCaseExecutor.java:418)
	at com.kms.katalon.core.main.TestCaseExecutor.accessMainPhase(TestCaseExecutor.java:410)
	at com.kms.katalon.core.main.TestCaseExecutor.execute(TestCaseExecutor.java:285)
	at com.kms.katalon.core.common.CommonExecutor.accessTestCaseMainPhase(CommonExecutor.java:65)
	at com.kms.katalon.core.main.TestSuiteExecutor.accessTestSuiteMainPhase(TestSuiteExecutor.java:161)
	at com.kms.katalon.core.main.TestSuiteExecutor.execute(TestSuiteExecutor.java:107)
	at com.kms.katalon.core.main.TestCaseMain.startTestSuite(TestCaseMain.java:176)
	at TempTestSuite1736855293393.run(TempTestSuite1736855293393.groovy:35)
	at java.base/jdk.internal.reflect.NativeMethodAccessorImpl.invoke0(Native Method)
	at java.base/jdk.internal.reflect.NativeMethodAccessorImpl.invoke(NativeMethodAccessorImpl.java:77)
	at java.base/jdk.internal.reflect.DelegatingMethodAccessorImpl.invoke(DelegatingMethodAccessorImpl.java:43)
Caused by: com.kms.katalon.core.webui.exception.WebElementNotFoundException: Web element with id: 'Object Repository/Scenario_3/Page_My Account/button_Proceed to Checkout' located by '//button[@id='top-cart-btn-checkout']' not found
	at com.kms.katalon.core.webui.common.WebUiCommonHelper.findWebElement(WebUiCommonHelper.java:1426)
	at com.kms.katalon.core.webui.keyword.internal.WebUIAbstractKeyword.findWebElement(WebUIAbstractKeyword.groovy:27)
	at com.kms.katalon.core.webui.keyword.builtin.ClickKeyword$_click_closure1.doCall(ClickKeyword.groovy:66)
	at com.kms.katalon.core.webui.keyword.builtin.ClickKeyword$_click_closure1.call(ClickKeyword.groovy)
	at com.kms.katalon.core.webui.keyword.internal.WebUIKeywordMain.runKeyword(WebUIKeywordMain.groovy:35)
	... 20 more]]></system-err>
      </testcase>
      <testcase name="Test Cases/Scenario_4" time="30.553" classname="Test Cases/Scenario_4" status="PASSED">
         <system-out><![CDATA[14-01-2025T17:21:36 - [TEST_CASE][PASSED] - Test Cases/Scenario_4: Test Cases/Scenario_4

14-01-2025T17:21:37 - [TEST_STEP][PASSED] - openBrowser(""): Browser is opened with url: ''

14-01-2025T17:21:37 - [MESSAGE][WARNING] - A browser is already opened. Closing browser and opening a new one

14-01-2025T17:21:37 - [MESSAGE][INFO] - Starting 'Chrome' driver

14-01-2025T17:21:37 - [MESSAGE][INFO] - Action delay is set to 0 milliseconds

14-01-2025T17:21:38 - [MESSAGE][PASSED] - Browser is opened with url: ''

14-01-2025T17:21:38 - [TEST_STEP][PASSED] - maximizeWindow(STOP_ON_FAILURE): Current window maximized

14-01-2025T17:21:39 - [MESSAGE][PASSED] - Current window maximized

14-01-2025T17:21:39 - [TEST_STEP][PASSED] - navigateToUrl(URL): Navigate to 'https://magento.softwaretestingboard.com/' successfully

14-01-2025T17:21:47 - [MESSAGE][PASSED] - Navigate to 'https://magento.softwaretestingboard.com/' successfully

14-01-2025T17:21:47 - [TEST_STEP][PASSED] - delay(2): Delayed 2 second(s)

14-01-2025T17:21:49 - [MESSAGE][PASSED] - Delayed 2 second(s)

14-01-2025T17:21:49 - [TEST_STEP][PASSED] - waitForElementPresent(findTestObject("Scenario_4/Page_Home Page/a_Sign In"), 0): Object 'Object Repository/Scenario_4/Page_Home Page/a_Sign In' is present

14-01-2025T17:21:49 - [MESSAGE][WARNING] - Timeout '0' is invalid. Using default page load timeout: '30'

14-01-2025T17:21:51 - [MESSAGE][PASSED] - Object 'Object Repository/Scenario_4/Page_Home Page/a_Sign In' is present

14-01-2025T17:21:51 - [TEST_STEP][PASSED] - click(findTestObject("Object Repository/Scenario_4/Page_Home Page/a_Sign In")): Object: 'Object Repository/Scenario_4/Page_Home Page/a_Sign In' is clicked on

14-01-2025T17:21:56 - [MESSAGE][PASSED] - Object: 'Object Repository/Scenario_4/Page_Home Page/a_Sign In' is clicked on

14-01-2025T17:21:56 - [TEST_STEP][PASSED] - waitForElementPresent(findTestObject("Scenario_4/Page_Customer Login/input_Email_loginusername"), 0): Object 'Object Repository/Scenario_4/Page_Customer Login/input_Email_loginusername' is present

14-01-2025T17:21:56 - [MESSAGE][WARNING] - Timeout '0' is invalid. Using default page load timeout: '30'

14-01-2025T17:21:56 - [MESSAGE][PASSED] - Object 'Object Repository/Scenario_4/Page_Customer Login/input_Email_loginusername' is present

14-01-2025T17:21:56 - [TEST_STEP][PASSED] - setText(findTestObject("Object Repository/Scenario_4/Page_Customer Login/input_Email_loginusername"), UserID): Text 'ta4@gmail.com' is set on object 'Object Repository/Scenario_4/Page_Customer Login/input_Email_loginusername'

14-01-2025T17:21:57 - [MESSAGE][PASSED] - Text 'ta4@gmail.com' is set on object 'Object Repository/Scenario_4/Page_Customer Login/input_Email_loginusername'

14-01-2025T17:21:57 - [TEST_STEP][PASSED] - waitForElementPresent(findTestObject("Scenario_4/Page_Customer Login/input_Password_loginpassword"), 0): Object 'Object Repository/Scenario_4/Page_Customer Login/input_Password_loginpassword' is present

14-01-2025T17:21:57 - [MESSAGE][WARNING] - Timeout '0' is invalid. Using default page load timeout: '30'

14-01-2025T17:21:57 - [MESSAGE][PASSED] - Object 'Object Repository/Scenario_4/Page_Customer Login/input_Password_loginpassword' is present

14-01-2025T17:21:57 - [TEST_STEP][PASSED] - setEncryptedText(findTestObject("Object Repository/Scenario_4/Page_Customer Login/input_Password_loginpassword"), Password): Text ****** has been set on object 'Object Repository/Scenario_4/Page_Customer Login/input_Password_loginpassword'

14-01-2025T17:21:57 - [MESSAGE][PASSED] - Text ****** has been set on object 'Object Repository/Scenario_4/Page_Customer Login/input_Password_loginpassword'

14-01-2025T17:21:57 - [TEST_STEP][PASSED] - waitForElementPresent(findTestObject("Scenario_4/Page_Customer Login/span_Sign In"), 0): Object 'Object Repository/Scenario_4/Page_Customer Login/span_Sign In' is present

14-01-2025T17:21:57 - [MESSAGE][WARNING] - Timeout '0' is invalid. Using default page load timeout: '30'

14-01-2025T17:21:58 - [MESSAGE][PASSED] - Object 'Object Repository/Scenario_4/Page_Customer Login/span_Sign In' is present

14-01-2025T17:21:58 - [TEST_STEP][PASSED] - click(findTestObject("Object Repository/Scenario_4/Page_Customer Login/span_Sign In")): Object: 'Object Repository/Scenario_4/Page_Customer Login/span_Sign In' is clicked on

14-01-2025T17:22:01 - [MESSAGE][PASSED] - Object: 'Object Repository/Scenario_4/Page_Customer Login/span_Sign In' is clicked on

14-01-2025T17:22:01 - [TEST_STEP][PASSED] - waitForElementPresent(findTestObject("Scenario_4/Page_Home Page/input_Search_q"), 0): Object 'Object Repository/Scenario_4/Page_Home Page/input_Search_q' is present

14-01-2025T17:22:01 - [MESSAGE][WARNING] - Timeout '0' is invalid. Using default page load timeout: '30'

14-01-2025T17:22:02 - [MESSAGE][PASSED] - Object 'Object Repository/Scenario_4/Page_Home Page/input_Search_q' is present

14-01-2025T17:22:02 - [TEST_STEP][PASSED] - setText(findTestObject("Object Repository/Scenario_4/Page_Home Page/input_Search_q"), "Nike"): Text 'Nike' is set on object 'Object Repository/Scenario_4/Page_Home Page/input_Search_q'

14-01-2025T17:22:02 - [MESSAGE][PASSED] - Text 'Nike' is set on object 'Object Repository/Scenario_4/Page_Home Page/input_Search_q'

14-01-2025T17:22:02 - [TEST_STEP][PASSED] - waitForElementPresent(findTestObject("Scenario_4/Page_Home Page/button_Search"), 0): Object 'Object Repository/Scenario_4/Page_Home Page/button_Search' is present

14-01-2025T17:22:02 - [MESSAGE][WARNING] - Timeout '0' is invalid. Using default page load timeout: '30'

14-01-2025T17:22:03 - [MESSAGE][PASSED] - Object 'Object Repository/Scenario_4/Page_Home Page/button_Search' is present

14-01-2025T17:22:03 - [TEST_STEP][PASSED] - click(findTestObject("Object Repository/Scenario_4/Page_Home Page/button_Search")): Object: 'Object Repository/Scenario_4/Page_Home Page/button_Search' is clicked on

14-01-2025T17:22:06 - [MESSAGE][PASSED] - Object: 'Object Repository/Scenario_4/Page_Home Page/button_Search' is clicked on

14-01-2025T17:22:06 - [TEST_STEP][PASSED] - waitForElementPresent(findTestObject("Scenario_4/Page_Search results for Nike/span_Search results for Nike"), 0): Object 'Object Repository/Scenario_4/Page_Search results for Nike/span_Search results for Nike' is present

14-01-2025T17:22:06 - [MESSAGE][WARNING] - Timeout '0' is invalid. Using default page load timeout: '30'

14-01-2025T17:22:06 - [MESSAGE][PASSED] - Object 'Object Repository/Scenario_4/Page_Search results for Nike/span_Search results for Nike' is present

14-01-2025T17:22:06 - [TEST_STEP][PASSED] - verifyElementText(findTestObject("Object Repository/Scenario_4/Page_Search results for Nike/span_Search results for Nike"), "Search results for: 'Nike'"): Actual text and expected text of test object 'Object Repository/Scenario_4/Page_Search results for Nike/span_Search results for Nike' are matched.

14-01-2025T17:22:06 - [MESSAGE][PASSED] - Actual text and expected text of test object 'Object Repository/Scenario_4/Page_Search results for Nike/span_Search results for Nike' are matched.

14-01-2025T17:22:06 - [TEST_STEP][PASSED] - assert true: null

14-01-2025T17:22:06 - [TEST_STEP][PASSED] - closeBrowser(STOP_ON_FAILURE): Browser is closed

14-01-2025T17:22:07 - [MESSAGE][PASSED] - Browser is closed]]></system-out>
         <system-err><![CDATA[]]></system-err>
      </testcase>
      <system-out><![CDATA[14-01-2025T17:18:17 - [TEST_SUITE][FAILED] - LUMA_Project_Suite: Test Cases/Secnario_1 FAILED.
Reason:
com.kms.katalon.core.exception.StepFailedException: Verify element text of test object 'Object Repository/Secnario_1/Page_My Account/div_Thank you for registering with Main Web_e69dd7' FAILED.
	at com.kms.katalon.core.webui.keyword.internal.WebUIKeywordMain.stepFailed(WebUIKeywordMain.groovy:117)
	at com.kms.katalon.core.webui.keyword.internal.WebUIKeywordMain.runKeyword(WebUIKeywordMain.groovy:43)
	at com.kms.katalon.core.webui.keyword.builtin.VerifyElementTextKeyword.verifyElementText(VerifyElementTextKeyword.groovy:72)
	at com.kms.katalon.core.webui.keyword.builtin.VerifyElementTextKeyword.execute(VerifyElementTextKeyword.groovy:40)
	at com.kms.katalon.core.keyword.internal.KeywordExecutor.executeKeywordForPlatform(KeywordExecutor.groovy:74)
	at com.kms.katalon.core.webui.keyword.WebUiBuiltInKeywords.verifyElementText(WebUiBuiltInKeywords.groovy:4994)
	at Secnario_1.run(Secnario_1:62)
	at com.kms.katalon.core.main.ScriptEngine.run(ScriptEngine.java:194)
	at com.kms.katalon.core.main.ScriptEngine.runScriptAsRawText(ScriptEngine.java:119)
	at com.kms.katalon.core.main.TestCaseExecutor.runScript(TestCaseExecutor.java:448)
	at com.kms.katalon.core.main.TestCaseExecutor.doExecute(TestCaseExecutor.java:439)
	at com.kms.katalon.core.main.TestCaseExecutor.processExecutionPhase(TestCaseExecutor.java:418)
	at com.kms.katalon.core.main.TestCaseExecutor.accessMainPhase(TestCaseExecutor.java:410)
	at com.kms.katalon.core.main.TestCaseExecutor.execute(TestCaseExecutor.java:285)
	at com.kms.katalon.core.common.CommonExecutor.accessTestCaseMainPhase(CommonExecutor.java:65)
	at com.kms.katalon.core.main.TestSuiteExecutor.accessTestSuiteMainPhase(TestSuiteExecutor.java:161)
	at com.kms.katalon.core.main.TestSuiteExecutor.execute(TestSuiteExecutor.java:107)
	at com.kms.katalon.core.main.TestCaseMain.startTestSuite(TestCaseMain.java:176)
	at TempTestSuite1736855293393.run(TempTestSuite1736855293393.groovy:35)
	at java.base/jdk.internal.reflect.NativeMethodAccessorImpl.invoke0(Native Method)
	at java.base/jdk.internal.reflect.NativeMethodAccessorImpl.invoke(NativeMethodAccessorImpl.java:77)
	at java.base/jdk.internal.reflect.DelegatingMethodAccessorImpl.invoke(DelegatingMethodAccessorImpl.java:43)
Caused by: com.kms.katalon.core.exception.StepFailedException: Actual text 'There is already an account with this email address. If you are sure that it is your email address, click here to get your password and access your account.' and expected text 'Thank you for registering with Main Website Store.' of test object 'Object Repository/Secnario_1/Page_My Account/div_Thank you for registering with Main Web_e69dd7' are NOT matched.
	at com.kms.katalon.core.webui.keyword.internal.WebUIKeywordMain.stepFailed(WebUIKeywordMain.groovy:117)
	at com.kms.katalon.core.webui.keyword.builtin.VerifyElementTextKeyword$_verifyElementText_closure1.doCall(VerifyElementTextKeyword.groovy:57)
	at com.kms.katalon.core.webui.keyword.builtin.VerifyElementTextKeyword$_verifyElementText_closure1.call(VerifyElementTextKeyword.groovy)
	at com.kms.katalon.core.webui.keyword.internal.WebUIKeywordMain.runKeyword(WebUIKeywordMain.groovy:35)
	... 20 more]]></system-out>
      <system-err><![CDATA[14-01-2025T17:18:17 - [TEST_SUITE][FAILED] - LUMA_Project_Suite: Test Cases/Secnario_1 FAILED.
Reason:
com.kms.katalon.core.exception.StepFailedException: Verify element text of test object 'Object Repository/Secnario_1/Page_My Account/div_Thank you for registering with Main Web_e69dd7' FAILED.
	at com.kms.katalon.core.webui.keyword.internal.WebUIKeywordMain.stepFailed(WebUIKeywordMain.groovy:117)
	at com.kms.katalon.core.webui.keyword.internal.WebUIKeywordMain.runKeyword(WebUIKeywordMain.groovy:43)
	at com.kms.katalon.core.webui.keyword.builtin.VerifyElementTextKeyword.verifyElementText(VerifyElementTextKeyword.groovy:72)
	at com.kms.katalon.core.webui.keyword.builtin.VerifyElementTextKeyword.execute(VerifyElementTextKeyword.groovy:40)
	at com.kms.katalon.core.keyword.internal.KeywordExecutor.executeKeywordForPlatform(KeywordExecutor.groovy:74)
	at com.kms.katalon.core.webui.keyword.WebUiBuiltInKeywords.verifyElementText(WebUiBuiltInKeywords.groovy:4994)
	at Secnario_1.run(Secnario_1:62)
	at com.kms.katalon.core.main.ScriptEngine.run(ScriptEngine.java:194)
	at com.kms.katalon.core.main.ScriptEngine.runScriptAsRawText(ScriptEngine.java:119)
	at com.kms.katalon.core.main.TestCaseExecutor.runScript(TestCaseExecutor.java:448)
	at com.kms.katalon.core.main.TestCaseExecutor.doExecute(TestCaseExecutor.java:439)
	at com.kms.katalon.core.main.TestCaseExecutor.processExecutionPhase(TestCaseExecutor.java:418)
	at com.kms.katalon.core.main.TestCaseExecutor.accessMainPhase(TestCaseExecutor.java:410)
	at com.kms.katalon.core.main.TestCaseExecutor.execute(TestCaseExecutor.java:285)
	at com.kms.katalon.core.common.CommonExecutor.accessTestCaseMainPhase(CommonExecutor.java:65)
	at com.kms.katalon.core.main.TestSuiteExecutor.accessTestSuiteMainPhase(TestSuiteExecutor.java:161)
	at com.kms.katalon.core.main.TestSuiteExecutor.execute(TestSuiteExecutor.java:107)
	at com.kms.katalon.core.main.TestCaseMain.startTestSuite(TestCaseMain.java:176)
	at TempTestSuite1736855293393.run(TempTestSuite1736855293393.groovy:35)
	at java.base/jdk.internal.reflect.NativeMethodAccessorImpl.invoke0(Native Method)
	at java.base/jdk.internal.reflect.NativeMethodAccessorImpl.invoke(NativeMethodAccessorImpl.java:77)
	at java.base/jdk.internal.reflect.DelegatingMethodAccessorImpl.invoke(DelegatingMethodAccessorImpl.java:43)
Caused by: com.kms.katalon.core.exception.StepFailedException: Actual text 'There is already an account with this email address. If you are sure that it is your email address, click here to get your password and access your account.' and expected text 'Thank you for registering with Main Website Store.' of test object 'Object Repository/Secnario_1/Page_My Account/div_Thank you for registering with Main Web_e69dd7' are NOT matched.
	at com.kms.katalon.core.webui.keyword.internal.WebUIKeywordMain.stepFailed(WebUIKeywordMain.groovy:117)
	at com.kms.katalon.core.webui.keyword.builtin.VerifyElementTextKeyword$_verifyElementText_closure1.doCall(VerifyElementTextKeyword.groovy:57)
	at com.kms.katalon.core.webui.keyword.builtin.VerifyElementTextKeyword$_verifyElementText_closure1.call(VerifyElementTextKeyword.groovy)
	at com.kms.katalon.core.webui.keyword.internal.WebUIKeywordMain.runKeyword(WebUIKeywordMain.groovy:35)
	... 20 more]]></system-err>
   </testsuite>
</testsuites>
